<?xml version="1.0" encoding="UTF-8"?>
<!-- Generated by org.testng.reporters.JUnitXMLReporter -->
<testsuite ignored="0" hostname="Ganesh" failures="0" tests="5" name="Test" time="6.889" errors="0" timestamp="2023-01-23T11:22:40 IST">
  <testcase classname="pomDemo.LoginTest" name="A" time="6.791"/>
  <testcase classname="pomDemo.Demo" name="B" time="0.002"/>
  <testcase classname="pomDemo.Demo" name="c" time="0.002"/>
  <testcase classname="pomDemo.Demo1" name="B" time="0.002"/>
  <testcase classname="pomDemo.Demo2" name="B" time="0.005"/>
</testsuite> <!-- Test -->
